{
  "RSpec": {
    "coverage": {
      "/Users/zipingz/Dropbox/M16-Studio/CucuCity/app/helpers/application_helper.rb": [
        1,
        null
      ],
      "/Users/zipingz/Dropbox/M16-Studio/CucuCity/app/helpers/sessions_helper.rb": [
        1,
        null
      ],
      "/Users/zipingz/Dropbox/M16-Studio/CucuCity/app/helpers/users_helper.rb": [
        1,
        null
      ],
      "/Users/zipingz/Dropbox/M16-Studio/CucuCity/app/helpers/videos_helper.rb": [
        1,
        null
      ],
      "/Users/zipingz/Dropbox/M16-Studio/CucuCity/app/controllers/users_controller.rb": [
        1,
        1,
        0,
        null,
        null,
        1,
        0,
        0,
        0,
        null,
        0,
        null,
        null,
        null
      ],
      "/Users/zipingz/Dropbox/M16-Studio/CucuCity/app/controllers/application_controller.rb": [
        1,
        null,
        null,
        1,
        null,
        1,
        null,
        1,
        null,
        1,
        0,
        null,
        null
      ],
      "/Users/zipingz/Dropbox/M16-Studio/CucuCity/app/controllers/videos_controller.rb": [
        1,
        1,
        null,
        1,
        1,
        null,
        null,
        1,
        2,
        2,
        null,
        0,
        null,
        null,
        2,
        2,
        0,
        null,
        2,
        2,
        null,
        null,
        null,
        1,
        null,
        null
      ],
      "/Users/zipingz/Dropbox/M16-Studio/CucuCity/app/models/user.rb": [
        1,
        1,
        null,
        1,
        1,
        null,
        1,
        1,
        1,
        1,
        null,
        1,
        0,
        0,
        0,
        null,
        null,
        null,
        null,
        null,
        1,
        8,
        8,
        0,
        null,
        null,
        null
      ],
      "/Users/zipingz/Dropbox/M16-Studio/CucuCity/app/models/video.rb": [
        1,
        null
      ]
    },
    "timestamp": 1464796880
  }
}
